<?xml version="1.0" encoding="UTF-8"?>
<!-- Generated by org.testng.reporters.JUnitXMLReporter -->
<testsuite ignored="0" hostname="Prems-MacBook-Air.local" failures="0" tests="5" name="Appium basic test cases" time="147.477" errors="0" timestamp="2020-01-11T19:11:22 IST">
  <testcase classname="com.bridgelabz.test.CountAllElementsTest" name="countAllElementsTest" time="43.774"/>
  <testcase classname="com.bridgelabz.test.ActionSheetTest" name="actionSheetTest" time="24.771"/>
  <testcase classname="com.bridgelabz.test.DatePickerTest" name="datePickerTest" time="24.801"/>
  <testcase classname="com.bridgelabz.test.HandleAlertsTest" name="handleAlertTest" time="23.811"/>
  <testcase classname="com.bridgelabz.test.PickerViewTest" name="pickerViewTest" time="30.25"/>
</testsuite> <!-- Appium basic test cases -->
